<?xml version="1.0" encoding="UTF-8"?>
<testsuite name="test.java.HelloWorldTest" tests="1" skipped="0" failures="0" errors="0" timestamp="2015-03-13T05:05:54" hostname="LAMD-W540" time="0.002">
  <properties/>
  <testcase name="test" classname="test.java.HelloWorldTest" time="0.002"/>
  <system-out><![CDATA[]]></system-out>
  <system-err><![CDATA[]]></system-err>
</testsuite>
